<?xml version="1.0" encoding="UTF-8"?>
<!-- Generated by org.testng.reporters.JUnitReportReporter -->
<testsuite hostname="DeepthiBook" failures="0" tests="3" name="com.AmazonApp.DockerTest_AmazonApp" time="61.242" errors="0" timestamp="2024-04-30T01:24:12 IST" skipped="0">
  <testcase classname="com.AmazonApp.DockerTest_AmazonApp" name="browserTest" time="25.517"/>
  <system-out/>
  <testcase classname="com.AmazonApp.DockerTest_AmazonApp" name="browserTest" time="18.014"/>
  <system-out/>
  <testcase classname="com.AmazonApp.DockerTest_AmazonApp" name="browserTest" time="17.711"/>
  <system-out/>
</testsuite> <!-- com.AmazonApp.DockerTest_AmazonApp -->
