<?xml version="1.0" encoding="UTF-8"?>
<!-- Generated by org.testng.reporters.JUnitReportReporter -->
<testsuite hostname="DeepthiBook" failures="0" tests="3" name="com.AmazonApp.DockerTest_AmazonApp" time="43.716" errors="0" timestamp="2024-04-30T00:08:41 IST" skipped="0">
  <testcase classname="com.AmazonApp.DockerTest_AmazonApp" name="browserTest" time="13.298"/>
  <system-out/>
  <testcase classname="com.AmazonApp.DockerTest_AmazonApp" name="browserTest" time="14.529"/>
  <system-out/>
  <testcase classname="com.AmazonApp.DockerTest_AmazonApp" name="browserTest" time="15.889"/>
  <system-out/>
</testsuite> <!-- com.AmazonApp.DockerTest_AmazonApp -->
