<?xml version="1.0" encoding="UTF-8"?>
<!-- Generated by org.testng.reporters.JUnitReportReporter -->
<testsuite hostname="DeepthiBook" failures="0" tests="3" name="com.AmazonApp.DockerTest_AmazonApp" time="54.741" errors="0" timestamp="2024-04-30T00:49:57 IST" skipped="0">
  <testcase classname="com.AmazonApp.DockerTest_AmazonApp" name="browserTest" time="17.336"/>
  <system-out/>
  <testcase classname="com.AmazonApp.DockerTest_AmazonApp" name="browserTest" time="15.979"/>
  <system-out/>
  <testcase classname="com.AmazonApp.DockerTest_AmazonApp" name="browserTest" time="21.426"/>
  <system-out/>
</testsuite> <!-- com.AmazonApp.DockerTest_AmazonApp -->
